<?xml version="1.0" encoding="UTF-8"?>
<testng-results skipped="0" failed="0" ignored="0" total="2" passed="2">
  <reporter-output>
  </reporter-output>
  <suite name="Suite" duration-ms="36371" started-at="2018-03-26T05:10:47Z" finished-at="2018-03-26T05:11:23Z">
    <groups>
    </groups>
    <test name="Test" duration-ms="36371" started-at="2018-03-26T05:10:47Z" finished-at="2018-03-26T05:11:23Z">
      <class name="zenmi.Abcd.testScript.testcase.SmokeTest">
        <test-method status="PASS" signature="BeforeSuite()[pri:0, instance:zenmi.Abcd.testScript.testcase.SmokeTest@6a41eaa2]" name="BeforeSuite" is-config="true" duration-ms="109" started-at="2018-03-26T10:40:47Z" finished-at="2018-03-26T10:40:47Z">
          <reporter-output>
          </reporter-output>
        </test-method> <!-- BeforeSuite -->
        <test-method status="PASS" signature="BeforeClass()[pri:0, instance:zenmi.Abcd.testScript.testcase.SmokeTest@6a41eaa2]" name="BeforeClass" is-config="true" duration-ms="24223" started-at="2018-03-26T10:40:47Z" finished-at="2018-03-26T10:41:11Z">
          <reporter-output>
          </reporter-output>
        </test-method> <!-- BeforeClass -->
        <test-method status="PASS" signature="SmokeTestcase1()[pri:1, instance:zenmi.Abcd.testScript.testcase.SmokeTest@6a41eaa2]" name="SmokeTestcase1" duration-ms="12044" started-at="2018-03-26T10:41:11Z" finished-at="2018-03-26T10:41:23Z">
          <reporter-output>
          </reporter-output>
        </test-method> <!-- SmokeTestcase1 -->
        <test-method status="PASS" signature="SmokeTestcase2()[pri:2, instance:zenmi.Abcd.testScript.testcase.SmokeTest@6a41eaa2]" name="SmokeTestcase2" duration-ms="21" started-at="2018-03-26T10:41:23Z" finished-at="2018-03-26T10:41:23Z">
          <reporter-output>
          </reporter-output>
        </test-method> <!-- SmokeTestcase2 -->
        <test-method status="PASS" signature="AfterClass()[pri:0, instance:zenmi.Abcd.testScript.testcase.SmokeTest@6a41eaa2]" name="AfterClass" is-config="true" duration-ms="0" started-at="2018-03-26T10:41:23Z" finished-at="2018-03-26T10:41:23Z">
          <reporter-output>
          </reporter-output>
        </test-method> <!-- AfterClass -->
      </class> <!-- zenmi.Abcd.testScript.testcase.SmokeTest -->
    </test> <!-- Test -->
  </suite> <!-- Suite -->
</testng-results>
